<?xml version="1.0" encoding="UTF-8"?>
<testng-results skipped="0" failed="0" total="2" passed="2">
  <reporter-output>
  </reporter-output>
  <suite name="Suite" duration-ms="24" started-at="2014-05-01T05:42:23Z" finished-at="2014-05-01T05:42:23Z">
    <groups>
    </groups>
    <test name="Test" duration-ms="24" started-at="2014-05-01T05:42:23Z" finished-at="2014-05-01T05:42:23Z">
      <class name="Sample.TestNGExample">
        <test-method status="PASS" signature="testPrintMessage()[pri:0, instance:Sample.TestNGExample@213651ed]" name="testPrintMessage" duration-ms="11" started-at="2014-04-30T22:42:23Z" finished-at="2014-04-30T22:42:23Z">
          <reporter-output>
          </reporter-output>
        </test-method> <!-- testPrintMessage -->
      </class> <!-- Sample.TestNGExample -->
      <class name="Sample.CopyOfTestNGExample">
        <test-method status="PASS" signature="testPrintMessage()[pri:0, instance:Sample.CopyOfTestNGExample@2a8d1aa8]" name="testPrintMessage" duration-ms="1" started-at="2014-04-30T22:42:23Z" finished-at="2014-04-30T22:42:23Z">
          <reporter-output>
          </reporter-output>
        </test-method> <!-- testPrintMessage -->
      </class> <!-- Sample.CopyOfTestNGExample -->
    </test> <!-- Test -->
  </suite> <!-- Suite -->
</testng-results>
