<?xml version="1.0" encoding="UTF-8"?>
<testng-results skipped="0" failed="0" total="1" passed="1">
  <reporter-output>
  </reporter-output>
  <suite name="Default suite" duration-ms="40" started-at="2016-02-11T06:06:43Z" finished-at="2016-02-11T06:06:43Z">
    <groups>
    </groups>
    <test name="Default test" duration-ms="40" started-at="2016-02-11T06:06:43Z" finished-at="2016-02-11T06:06:43Z">
      <class name="test.TestCase">
        <test-method status="PASS" signature="test1()[pri:0, instance:test.TestCase@30ee2816]" name="test1" duration-ms="20" started-at="2016-02-10T22:06:43Z" finished-at="2016-02-10T22:06:43Z">
          <reporter-output>
          </reporter-output>
        </test-method> <!-- test1 -->
      </class> <!-- test.TestCase -->
    </test> <!-- Default test -->
  </suite> <!-- Default suite -->
</testng-results>
